06/10/2017 15:44:18 devpinoyLogger Opening browser Mozilla
06/10/2017 15:44:21 devpinoyLogger Naviating to https://www.dice.com
06/10/2017 15:44:28 devpinoyLogger Typing in search-field-keyword
06/10/2017 15:44:28 devpinoyLogger Typing in search-field-location
06/10/2017 15:44:28 devpinoyLogger Clicking on FindJob
06/10/2017 15:44:33 devpinoyLogger Clicking on page_links
06/10/2017 16:51:54 devpinoyLogger Opening browser Mozilla
06/10/2017 16:51:58 devpinoyLogger Naviating to https://www.dice.com
06/10/2017 16:52:05 devpinoyLogger Typing in search-field-keyword
06/10/2017 16:52:05 devpinoyLogger Typing in search-field-location
06/10/2017 16:57:10 devpinoyLogger Opening browser Mozilla
06/10/2017 16:57:13 devpinoyLogger Naviating to https://www.dice.com
06/10/2017 16:57:21 devpinoyLogger Typing in search-field-keyword
06/10/2017 16:57:22 devpinoyLogger Typing in search-field-location
06/10/2017 17:00:17 devpinoyLogger Opening browser Mozilla
06/10/2017 17:00:21 devpinoyLogger Naviating to https://www.dice.com
06/10/2017 17:00:31 devpinoyLogger Typing in search-field-keyword
06/10/2017 17:00:32 devpinoyLogger Typing in search-field-location
06/10/2017 17:00:32 devpinoyLogger Clicking on FindJob
06/10/2017 17:00:38 devpinoyLogger Clicking on JobsPage2
06/10/2017 17:06:20 devpinoyLogger Opening browser Mozilla
06/10/2017 17:06:26 devpinoyLogger Naviating to https://www.dice.com
06/10/2017 17:06:36 devpinoyLogger Typing in search-field-keyword
06/10/2017 17:06:36 devpinoyLogger Typing in search-field-location
06/10/2017 17:06:36 devpinoyLogger Clicking on FindJob
06/10/2017 17:06:44 devpinoyLogger Clicking on JobsPage2
06/10/2017 17:08:29 devpinoyLogger Opening browser Mozilla
06/10/2017 17:08:33 devpinoyLogger Naviating to https://www.dice.com
06/10/2017 17:08:40 devpinoyLogger Typing in search-field-keyword
06/10/2017 17:08:41 devpinoyLogger Typing in search-field-location
06/10/2017 17:08:41 devpinoyLogger Clicking on FindJob
06/10/2017 17:08:45 devpinoyLogger Clicking on JobsPage2
07/10/2017 19:21:28 devpinoyLogger Opening browser Mozilla
07/10/2017 19:21:32 devpinoyLogger Naviating to https://www.dice.com
07/10/2017 19:21:40 devpinoyLogger Typing in search-field-keyword
07/10/2017 19:21:40 devpinoyLogger Typing in search-field-location
07/10/2017 19:21:41 devpinoyLogger Clicking on FindJob
07/10/2017 19:21:45 devpinoyLogger Clicking on JobsPage2
07/10/2017 19:21:45 devpinoyLogger Clicking on links_on_page
07/10/2017 19:40:55 devpinoyLogger Opening browser Mozilla
07/10/2017 19:40:59 devpinoyLogger Naviating to https://www.dice.com
07/10/2017 19:41:07 devpinoyLogger Typing in search-field-keyword
07/10/2017 19:41:08 devpinoyLogger Typing in search-field-location
07/10/2017 19:41:08 devpinoyLogger Clicking on FindJob
07/10/2017 19:41:13 devpinoyLogger Clicking on JobsPage2
07/10/2017 19:44:28 devpinoyLogger Opening browser Mozilla
07/10/2017 19:44:31 devpinoyLogger Naviating to https://www.dice.com
07/10/2017 19:45:06 devpinoyLogger Typing in search-field-keyword
07/10/2017 19:45:07 devpinoyLogger Typing in search-field-location
07/10/2017 19:45:07 devpinoyLogger Clicking on FindJob
07/10/2017 19:45:11 devpinoyLogger Clicking on JobsPage2
07/10/2017 19:45:11 devpinoyLogger Clicking on contract_checkbox
07/10/2017 19:45:15 devpinoyLogger Clicking on links_on_page
07/10/2017 19:49:44 devpinoyLogger Opening browser Mozilla
07/10/2017 19:49:48 devpinoyLogger Naviating to https://www.dice.com
07/10/2017 19:49:55 devpinoyLogger Typing in search-field-keyword
07/10/2017 19:49:55 devpinoyLogger Typing in search-field-location
07/10/2017 19:49:56 devpinoyLogger Clicking on FindJob
07/10/2017 19:50:01 devpinoyLogger Clicking on JobsPage2
07/10/2017 19:50:01 devpinoyLogger Clicking on contract_checkbox
07/10/2017 19:50:05 devpinoyLogger Clicking on links_on_page
07/10/2017 21:17:06 devpinoyLogger Opening browser Mozilla
07/10/2017 21:17:10 devpinoyLogger Naviating to https://www.dice.com
07/10/2017 21:18:41 devpinoyLogger Typing in search-field-keyword
07/10/2017 21:18:41 devpinoyLogger Typing in search-field-location
07/10/2017 21:18:41 devpinoyLogger Clicking on FindJob
07/10/2017 21:18:46 devpinoyLogger Clicking on JobsPage2
07/10/2017 21:18:46 devpinoyLogger Clicking on contract_checkbox
07/10/2017 21:18:50 devpinoyLogger Clicking on links_on_page
07/10/2017 21:21:06 devpinoyLogger Opening browser Mozilla
07/10/2017 21:21:09 devpinoyLogger Naviating to https://www.dice.com
07/10/2017 21:21:16 devpinoyLogger Typing in search-field-keyword
07/10/2017 21:21:17 devpinoyLogger Typing in search-field-location
07/10/2017 21:21:17 devpinoyLogger Clicking on FindJob
07/10/2017 21:21:21 devpinoyLogger Clicking on JobsPage2
07/10/2017 21:21:22 devpinoyLogger Clicking on contract_checkbox
07/10/2017 21:21:25 devpinoyLogger Clicking on links_on_page
07/10/2017 21:21:26 devpinoyLogger Checking object presence W2
07/10/2017 21:25:00 devpinoyLogger Opening browser Mozilla
07/10/2017 21:25:04 devpinoyLogger Naviating to https://www.dice.com
07/10/2017 21:25:09 devpinoyLogger Typing in search-field-keyword
07/10/2017 21:25:10 devpinoyLogger Typing in search-field-location
07/10/2017 21:25:10 devpinoyLogger Clicking on FindJob
07/10/2017 21:25:15 devpinoyLogger Clicking on JobsPage2
07/10/2017 21:25:15 devpinoyLogger Clicking on contract_checkbox
07/10/2017 21:25:19 devpinoyLogger Clicking on links_on_page
07/10/2017 21:25:55 devpinoyLogger Opening browser Mozilla
07/10/2017 21:25:59 devpinoyLogger Naviating to https://www.dice.com
07/10/2017 21:26:04 devpinoyLogger Typing in search-field-keyword
07/10/2017 21:26:05 devpinoyLogger Typing in search-field-location
07/10/2017 21:26:05 devpinoyLogger Clicking on FindJob
07/10/2017 21:26:10 devpinoyLogger Clicking on JobsPage2
07/10/2017 21:26:11 devpinoyLogger Clicking on contract_checkbox
07/10/2017 21:26:15 devpinoyLogger Clicking on links_on_page
07/10/2017 21:30:23 devpinoyLogger Opening browser Mozilla
07/10/2017 21:30:27 devpinoyLogger Naviating to https://www.dice.com
07/10/2017 21:31:10 devpinoyLogger Typing in search-field-keyword
07/10/2017 21:31:11 devpinoyLogger Typing in search-field-location
07/10/2017 21:31:11 devpinoyLogger Clicking on FindJob
07/10/2017 21:31:15 devpinoyLogger Clicking on JobsPage2
07/10/2017 21:31:15 devpinoyLogger Clicking on contract_checkbox
07/10/2017 21:31:19 devpinoyLogger Clicking on links_on_page
07/10/2017 21:31:20 devpinoyLogger Opening browser Mozilla
07/10/2017 21:31:24 devpinoyLogger Naviating to https://www.dice.com
07/10/2017 21:31:32 devpinoyLogger Typing in search-field-keyword
07/10/2017 21:31:34 devpinoyLogger Typing in search-field-location
07/10/2017 21:31:35 devpinoyLogger Clicking on FindJob
07/10/2017 21:31:42 devpinoyLogger Clicking on JobsPage2
07/10/2017 21:31:43 devpinoyLogger Clicking on contract_checkbox
07/10/2017 21:31:47 devpinoyLogger Clicking on links_on_page
07/10/2017 21:31:48 devpinoyLogger Opening browser Mozilla
07/10/2017 21:31:54 devpinoyLogger Naviating to https://www.dice.com
07/10/2017 21:32:09 devpinoyLogger Typing in search-field-keyword
07/10/2017 21:32:10 devpinoyLogger Typing in search-field-location
07/10/2017 21:32:10 devpinoyLogger Clicking on FindJob
07/10/2017 21:32:15 devpinoyLogger Clicking on JobsPage2
07/10/2017 21:32:16 devpinoyLogger Clicking on contract_checkbox
07/10/2017 21:32:21 devpinoyLogger Clicking on links_on_page
07/10/2017 21:36:44 devpinoyLogger Opening browser Mozilla
07/10/2017 21:36:48 devpinoyLogger Naviating to https://www.dice.com
07/10/2017 21:36:57 devpinoyLogger Typing in search-field-keyword
07/10/2017 21:36:57 devpinoyLogger Typing in search-field-location
07/10/2017 21:36:58 devpinoyLogger Clicking on FindJob
07/10/2017 21:37:02 devpinoyLogger Clicking on JobsPage2
07/10/2017 21:37:02 devpinoyLogger Clicking on contract_checkbox
07/10/2017 21:37:06 devpinoyLogger Clicking on links_on_page
07/10/2017 21:37:27 devpinoyLogger Opening browser Mozilla
07/10/2017 21:37:31 devpinoyLogger Naviating to https://www.dice.com
07/10/2017 21:37:40 devpinoyLogger Typing in search-field-keyword
07/10/2017 21:37:41 devpinoyLogger Typing in search-field-location
07/10/2017 21:37:41 devpinoyLogger Clicking on FindJob
07/10/2017 21:37:47 devpinoyLogger Clicking on JobsPage2
07/10/2017 21:37:47 devpinoyLogger Clicking on contract_checkbox
07/10/2017 21:37:52 devpinoyLogger Clicking on links_on_page
07/10/2017 21:38:13 devpinoyLogger Opening browser Mozilla
07/10/2017 21:38:17 devpinoyLogger Naviating to https://www.dice.com
07/10/2017 21:38:25 devpinoyLogger Typing in search-field-keyword
07/10/2017 21:38:26 devpinoyLogger Typing in search-field-location
07/10/2017 21:38:27 devpinoyLogger Clicking on FindJob
07/10/2017 21:38:33 devpinoyLogger Clicking on JobsPage2
07/10/2017 21:38:33 devpinoyLogger Clicking on contract_checkbox
07/10/2017 21:38:38 devpinoyLogger Clicking on links_on_page
07/10/2017 21:45:59 devpinoyLogger  
07/10/2017 21:45:59 devpinoyLogger Opening browser Mozilla
07/10/2017 21:46:02 devpinoyLogger Naviating to https://www.dice.com
07/10/2017 21:46:13 devpinoyLogger Typing in search-field-keyword
07/10/2017 21:46:13 devpinoyLogger Typing in search-field-location
07/10/2017 21:46:13 devpinoyLogger Clicking on FindJob
07/10/2017 21:46:19 devpinoyLogger Clicking on JobsPage2
07/10/2017 21:46:19 devpinoyLogger Clicking on contract_checkbox
07/10/2017 21:46:23 devpinoyLogger Clicking on links_on_page
07/10/2017 21:46:29 devpinoyLogger  
07/10/2017 21:46:29 devpinoyLogger Opening browser Mozilla
07/10/2017 21:46:33 devpinoyLogger Naviating to https://www.dice.com
07/10/2017 21:46:39 devpinoyLogger Typing in search-field-keyword
07/10/2017 21:46:40 devpinoyLogger Typing in search-field-location
07/10/2017 21:46:41 devpinoyLogger Clicking on FindJob
07/10/2017 21:46:46 devpinoyLogger Clicking on JobsPage2
07/10/2017 21:46:47 devpinoyLogger Clicking on contract_checkbox
07/10/2017 21:46:51 devpinoyLogger Clicking on links_on_page
07/10/2017 21:46:57 devpinoyLogger  
07/10/2017 21:46:57 devpinoyLogger Opening browser Mozilla
07/10/2017 21:47:01 devpinoyLogger Naviating to https://www.dice.com
07/10/2017 21:47:24 devpinoyLogger Typing in search-field-keyword
07/10/2017 21:47:25 devpinoyLogger Typing in search-field-location
07/10/2017 21:47:25 devpinoyLogger Clicking on FindJob
07/10/2017 21:47:26 devpinoyLogger Clicking on JobsPage2
08/10/2017 09:37:58 devpinoyLogger  
08/10/2017 09:37:58 devpinoyLogger Opening browser Mozilla
08/10/2017 09:38:02 devpinoyLogger Naviating to https://www.dice.com
08/10/2017 09:38:09 devpinoyLogger Typing in search-field-keyword
08/10/2017 09:38:10 devpinoyLogger Typing in search-field-location
08/10/2017 09:38:11 devpinoyLogger Clicking on FindJob
08/10/2017 09:38:12 devpinoyLogger Clicking on JobsPage2
08/10/2017 09:38:17 devpinoyLogger  
08/10/2017 09:38:17 devpinoyLogger Opening browser Mozilla
08/10/2017 09:38:21 devpinoyLogger Naviating to https://www.dice.com
08/10/2017 09:38:28 devpinoyLogger Typing in search-field-keyword
08/10/2017 09:38:29 devpinoyLogger Typing in search-field-location
08/10/2017 09:38:31 devpinoyLogger Clicking on FindJob
08/10/2017 09:38:31 devpinoyLogger Clicking on JobsPage2
08/10/2017 09:38:36 devpinoyLogger  
08/10/2017 09:38:36 devpinoyLogger Opening browser Mozilla
08/10/2017 09:38:41 devpinoyLogger Naviating to https://www.dice.com
08/10/2017 09:38:50 devpinoyLogger Typing in search-field-keyword
08/10/2017 09:38:51 devpinoyLogger Typing in search-field-location
08/10/2017 09:38:52 devpinoyLogger Clicking on FindJob
08/10/2017 09:38:53 devpinoyLogger Clicking on JobsPage2
08/10/2017 09:44:12 devpinoyLogger  
08/10/2017 09:44:12 devpinoyLogger Opening browser Mozilla
08/10/2017 09:44:17 devpinoyLogger Naviating to https://www.dice.com
08/10/2017 09:44:27 devpinoyLogger Typing in search-field-keyword
08/10/2017 09:44:28 devpinoyLogger Typing in search-field-location
08/10/2017 09:44:29 devpinoyLogger Clicking on FindJob
08/10/2017 09:44:30 devpinoyLogger Clicking on JobsPage2
08/10/2017 09:44:41 devpinoyLogger  
08/10/2017 09:44:41 devpinoyLogger Opening browser Mozilla
08/10/2017 09:44:48 devpinoyLogger Naviating to https://www.dice.com
08/10/2017 09:45:06 devpinoyLogger Typing in search-field-keyword
08/10/2017 09:45:08 devpinoyLogger Typing in search-field-location
08/10/2017 09:45:10 devpinoyLogger Clicking on FindJob
08/10/2017 09:45:11 devpinoyLogger Clicking on JobsPage2
08/10/2017 09:45:22 devpinoyLogger  
08/10/2017 09:45:22 devpinoyLogger Opening browser Mozilla
08/10/2017 09:45:36 devpinoyLogger Naviating to https://www.dice.com
08/10/2017 09:45:52 devpinoyLogger Typing in search-field-keyword
08/10/2017 09:45:55 devpinoyLogger Typing in search-field-location
08/10/2017 09:45:56 devpinoyLogger Clicking on FindJob
08/10/2017 09:45:57 devpinoyLogger Clicking on JobsPage2
08/10/2017 09:48:20 devpinoyLogger  
08/10/2017 09:48:20 devpinoyLogger Opening browser Mozilla
08/10/2017 09:48:23 devpinoyLogger Naviating to https://www.dice.com
08/10/2017 09:48:30 devpinoyLogger Typing in search-field-keyword
08/10/2017 09:48:31 devpinoyLogger Typing in search-field-location
08/10/2017 09:48:31 devpinoyLogger Clicking on FindJob
08/10/2017 09:48:32 devpinoyLogger Clicking on JobsPage2
08/10/2017 09:48:42 devpinoyLogger  
08/10/2017 09:48:42 devpinoyLogger Opening browser Mozilla
08/10/2017 09:48:46 devpinoyLogger Naviating to https://www.dice.com
08/10/2017 09:48:51 devpinoyLogger Typing in search-field-keyword
08/10/2017 09:48:52 devpinoyLogger Typing in search-field-location
08/10/2017 09:48:52 devpinoyLogger Clicking on FindJob
08/10/2017 09:48:53 devpinoyLogger Clicking on JobsPage2
08/10/2017 09:49:03 devpinoyLogger  
08/10/2017 09:49:03 devpinoyLogger Opening browser Mozilla
08/10/2017 09:49:07 devpinoyLogger Naviating to https://www.dice.com
08/10/2017 09:49:13 devpinoyLogger Typing in search-field-keyword
08/10/2017 09:49:14 devpinoyLogger Typing in search-field-location
08/10/2017 09:49:15 devpinoyLogger Clicking on FindJob
08/10/2017 09:49:16 devpinoyLogger Clicking on JobsPage2
08/10/2017 10:00:11 devpinoyLogger  
08/10/2017 10:00:11 devpinoyLogger Opening browser Mozilla
08/10/2017 10:00:14 devpinoyLogger Naviating to https://www.dice.com
08/10/2017 10:00:21 devpinoyLogger Typing in search-field-keyword
08/10/2017 10:00:22 devpinoyLogger Typing in search-field-location
08/10/2017 10:00:22 devpinoyLogger Clicking on FindJob
08/10/2017 10:00:23 devpinoyLogger Clicking on JobsPage2
08/10/2017 10:00:33 devpinoyLogger  
08/10/2017 10:00:33 devpinoyLogger Opening browser Mozilla
08/10/2017 10:00:37 devpinoyLogger Naviating to https://www.dice.com
08/10/2017 10:00:46 devpinoyLogger Typing in search-field-keyword
08/10/2017 10:00:47 devpinoyLogger Typing in search-field-location
08/10/2017 10:00:48 devpinoyLogger Clicking on FindJob
08/10/2017 10:00:48 devpinoyLogger Clicking on JobsPage2
08/10/2017 10:00:58 devpinoyLogger  
08/10/2017 10:00:58 devpinoyLogger Opening browser Mozilla
08/10/2017 10:01:03 devpinoyLogger Naviating to https://www.dice.com
08/10/2017 10:01:11 devpinoyLogger Typing in search-field-keyword
08/10/2017 10:01:11 devpinoyLogger Typing in search-field-location
08/10/2017 10:01:12 devpinoyLogger Clicking on FindJob
08/10/2017 10:01:13 devpinoyLogger Clicking on JobsPage2
08/10/2017 10:07:11 devpinoyLogger  
08/10/2017 10:07:11 devpinoyLogger Opening browser Mozilla
08/10/2017 10:07:17 devpinoyLogger Naviating to https://www.dice.com
08/10/2017 10:07:26 devpinoyLogger Typing in search-field-keyword
08/10/2017 10:07:27 devpinoyLogger Typing in search-field-location
08/10/2017 10:07:28 devpinoyLogger Clicking on FindJob
08/10/2017 10:07:29 devpinoyLogger  
08/10/2017 10:07:29 devpinoyLogger Opening browser Mozilla
08/10/2017 10:07:36 devpinoyLogger Naviating to https://www.dice.com
08/10/2017 10:07:49 devpinoyLogger Typing in search-field-keyword
08/10/2017 10:07:50 devpinoyLogger Typing in search-field-location
08/10/2017 10:07:52 devpinoyLogger Clicking on FindJob
08/10/2017 10:07:52 devpinoyLogger  
08/10/2017 10:07:52 devpinoyLogger Opening browser Mozilla
08/10/2017 10:08:00 devpinoyLogger Naviating to https://www.dice.com
08/10/2017 10:08:15 devpinoyLogger Typing in search-field-keyword
08/10/2017 10:08:17 devpinoyLogger Typing in search-field-location
08/10/2017 10:08:18 devpinoyLogger Clicking on FindJob
08/10/2017 10:09:39 devpinoyLogger  
08/10/2017 10:09:39 devpinoyLogger Opening browser Mozilla
08/10/2017 10:09:46 devpinoyLogger Naviating to https://www.dice.com
08/10/2017 10:10:00 devpinoyLogger Typing in search-field-keyword
08/10/2017 10:10:01 devpinoyLogger Typing in search-field-location
08/10/2017 10:10:03 devpinoyLogger Clicking on FindJob
08/10/2017 10:10:04 devpinoyLogger  
08/10/2017 10:10:04 devpinoyLogger Opening browser Mozilla
08/10/2017 10:10:16 devpinoyLogger Naviating to https://www.dice.com
08/10/2017 10:10:36 devpinoyLogger Typing in search-field-keyword
08/10/2017 10:10:38 devpinoyLogger Typing in search-field-location
08/10/2017 10:10:40 devpinoyLogger Clicking on FindJob
08/10/2017 10:10:52 devpinoyLogger  
08/10/2017 10:10:52 devpinoyLogger Opening browser Mozilla
08/10/2017 10:11:05 devpinoyLogger Naviating to https://www.dice.com
08/10/2017 10:11:27 devpinoyLogger Typing in search-field-keyword
08/10/2017 10:11:31 devpinoyLogger Typing in search-field-location
08/10/2017 10:11:32 devpinoyLogger Clicking on FindJob
08/10/2017 10:19:38 devpinoyLogger  
08/10/2017 10:19:38 devpinoyLogger Opening browser Mozilla
08/10/2017 10:19:42 devpinoyLogger Naviating to https://www.dice.com
08/10/2017 10:19:47 devpinoyLogger Typing in search-field-keyword
08/10/2017 10:19:47 devpinoyLogger Typing in search-field-location
08/10/2017 10:19:48 devpinoyLogger Clicking on FindJob
08/10/2017 10:19:49 devpinoyLogger  
08/10/2017 10:19:49 devpinoyLogger Opening browser Mozilla
08/10/2017 10:19:53 devpinoyLogger Naviating to https://www.dice.com
08/10/2017 10:19:59 devpinoyLogger Typing in search-field-keyword
08/10/2017 10:20:00 devpinoyLogger Typing in search-field-location
08/10/2017 10:20:02 devpinoyLogger Clicking on FindJob
08/10/2017 10:20:06 devpinoyLogger  
08/10/2017 10:20:06 devpinoyLogger Opening browser Mozilla
08/10/2017 10:20:10 devpinoyLogger Naviating to https://www.dice.com
08/10/2017 10:20:16 devpinoyLogger Typing in search-field-keyword
08/10/2017 10:20:17 devpinoyLogger Typing in search-field-location
08/10/2017 10:20:18 devpinoyLogger Clicking on FindJob
08/10/2017 10:23:52 devpinoyLogger  
08/10/2017 10:23:52 devpinoyLogger Opening browser Mozilla
08/10/2017 10:23:56 devpinoyLogger Naviating to https://www.dice.com
08/10/2017 10:24:04 devpinoyLogger Typing in search-field-keyword
08/10/2017 10:24:04 devpinoyLogger Typing in search-field-location
08/10/2017 10:24:06 devpinoyLogger Clicking on FindJob
08/10/2017 10:24:07 devpinoyLogger Clicking on JobsPage1
08/10/2017 10:24:27 devpinoyLogger  
08/10/2017 10:24:27 devpinoyLogger Opening browser Mozilla
08/10/2017 10:24:30 devpinoyLogger Naviating to https://www.dice.com
08/10/2017 10:24:45 devpinoyLogger Typing in search-field-keyword
08/10/2017 10:24:46 devpinoyLogger Typing in search-field-location
08/10/2017 10:24:47 devpinoyLogger Clicking on FindJob
08/10/2017 10:24:48 devpinoyLogger Clicking on JobsPage1
08/10/2017 10:25:08 devpinoyLogger  
08/10/2017 10:25:08 devpinoyLogger Opening browser Mozilla
08/10/2017 10:25:12 devpinoyLogger Naviating to https://www.dice.com
08/10/2017 10:25:22 devpinoyLogger Typing in search-field-keyword
08/10/2017 10:25:22 devpinoyLogger Typing in search-field-location
08/10/2017 10:25:23 devpinoyLogger Clicking on FindJob
08/10/2017 10:25:24 devpinoyLogger Clicking on JobsPage1
08/10/2017 18:55:46 devpinoyLogger  
08/10/2017 18:55:46 devpinoyLogger Opening browser Mozilla
08/10/2017 18:55:51 devpinoyLogger Naviating to https://www.dice.com
08/10/2017 18:55:56 devpinoyLogger Typing in search-field-keyword
08/10/2017 18:55:57 devpinoyLogger Typing in search-field-location
08/10/2017 18:55:57 devpinoyLogger Clicking on FindJob
08/10/2017 18:56:02 devpinoyLogger Clicking on JobsPage2
08/10/2017 18:56:02 devpinoyLogger Clicking on contract_checkbox
08/10/2017 18:56:06 devpinoyLogger Clicking on links_on_page
08/10/2017 18:56:27 devpinoyLogger  
08/10/2017 18:56:27 devpinoyLogger Opening browser Mozilla
08/10/2017 18:56:30 devpinoyLogger Naviating to https://www.dice.com
08/10/2017 18:56:36 devpinoyLogger Typing in search-field-keyword
08/10/2017 18:56:37 devpinoyLogger Typing in search-field-location
08/10/2017 18:56:37 devpinoyLogger Clicking on FindJob
08/10/2017 18:56:42 devpinoyLogger Clicking on JobsPage2
08/10/2017 18:56:42 devpinoyLogger Clicking on contract_checkbox
08/10/2017 18:56:47 devpinoyLogger Clicking on links_on_page
08/10/2017 18:57:08 devpinoyLogger  
08/10/2017 18:57:08 devpinoyLogger Opening browser Mozilla
08/10/2017 18:57:11 devpinoyLogger Naviating to https://www.dice.com
08/10/2017 18:57:16 devpinoyLogger Typing in search-field-keyword
08/10/2017 18:57:16 devpinoyLogger Typing in search-field-location
08/10/2017 18:57:17 devpinoyLogger Clicking on FindJob
08/10/2017 18:57:22 devpinoyLogger Clicking on JobsPage2
08/10/2017 18:57:22 devpinoyLogger Clicking on contract_checkbox
08/10/2017 18:57:26 devpinoyLogger Clicking on links_on_page
08/10/2017 18:59:47 devpinoyLogger  
08/10/2017 18:59:47 devpinoyLogger Opening browser Mozilla
08/10/2017 18:59:51 devpinoyLogger Naviating to https://www.dice.com
08/10/2017 19:00:27 devpinoyLogger Typing in search-field-keyword
08/10/2017 19:00:28 devpinoyLogger Typing in search-field-location
08/10/2017 19:00:28 devpinoyLogger Clicking on FindJob
08/10/2017 19:00:33 devpinoyLogger Clicking on JobsPage2
08/10/2017 19:00:33 devpinoyLogger Clicking on contract_checkbox
08/10/2017 19:00:37 devpinoyLogger Clicking on links_on_page
08/10/2017 19:00:48 devpinoyLogger  
08/10/2017 19:00:48 devpinoyLogger Opening browser Mozilla
08/10/2017 19:00:52 devpinoyLogger Naviating to https://www.dice.com
08/10/2017 19:00:58 devpinoyLogger Typing in search-field-keyword
08/10/2017 19:00:58 devpinoyLogger Typing in search-field-location
08/10/2017 19:00:59 devpinoyLogger Clicking on FindJob
08/10/2017 19:01:04 devpinoyLogger Clicking on JobsPage2
08/10/2017 19:01:04 devpinoyLogger Clicking on contract_checkbox
08/10/2017 19:01:10 devpinoyLogger Clicking on links_on_page
08/10/2017 19:01:21 devpinoyLogger  
08/10/2017 19:01:21 devpinoyLogger Opening browser Mozilla
08/10/2017 19:01:25 devpinoyLogger Naviating to https://www.dice.com
08/10/2017 19:01:32 devpinoyLogger Typing in search-field-keyword
08/10/2017 19:09:02 devpinoyLogger  
08/10/2017 19:09:02 devpinoyLogger Opening browser Mozilla
08/10/2017 19:09:05 devpinoyLogger Naviating to https://www.dice.com
08/10/2017 19:09:10 devpinoyLogger Typing in search-field-keyword
08/10/2017 19:09:10 devpinoyLogger Typing in search-field-location
08/10/2017 19:09:11 devpinoyLogger Clicking on FindJob
08/10/2017 19:09:16 devpinoyLogger Clicking on JobsPage2
08/10/2017 19:09:16 devpinoyLogger Clicking on contract_checkbox
08/10/2017 19:09:20 devpinoyLogger  
08/10/2017 19:09:20 devpinoyLogger Opening browser Mozilla
08/10/2017 19:09:23 devpinoyLogger Naviating to https://www.dice.com
08/10/2017 19:09:29 devpinoyLogger Typing in search-field-keyword
08/10/2017 19:09:29 devpinoyLogger Typing in search-field-location
08/10/2017 19:09:30 devpinoyLogger Clicking on FindJob
08/10/2017 19:09:34 devpinoyLogger Clicking on JobsPage2
08/10/2017 19:09:35 devpinoyLogger Clicking on contract_checkbox
08/10/2017 19:09:39 devpinoyLogger  
08/10/2017 19:09:39 devpinoyLogger Opening browser Mozilla
08/10/2017 19:09:42 devpinoyLogger Naviating to https://www.dice.com
08/10/2017 19:09:48 devpinoyLogger Typing in search-field-keyword
08/10/2017 19:09:49 devpinoyLogger Typing in search-field-location
08/10/2017 19:09:50 devpinoyLogger Clicking on FindJob
08/10/2017 19:09:55 devpinoyLogger Clicking on JobsPage2
08/10/2017 19:09:55 devpinoyLogger Clicking on contract_checkbox
08/10/2017 19:14:47 devpinoyLogger  
08/10/2017 19:14:47 devpinoyLogger Opening browser Mozilla
08/10/2017 19:14:51 devpinoyLogger Naviating to https://www.dice.com
08/10/2017 19:14:57 devpinoyLogger Typing in search-field-keyword
08/10/2017 19:14:57 devpinoyLogger Typing in search-field-location
08/10/2017 19:14:58 devpinoyLogger Clicking on FindJob
08/10/2017 19:14:58 devpinoyLogger Clicking on JobsPage2
08/10/2017 19:15:08 devpinoyLogger  
08/10/2017 19:15:08 devpinoyLogger Opening browser Mozilla
08/10/2017 19:15:13 devpinoyLogger Naviating to https://www.dice.com
08/10/2017 19:15:20 devpinoyLogger Typing in search-field-keyword
08/10/2017 19:15:21 devpinoyLogger Typing in search-field-location
08/10/2017 19:15:22 devpinoyLogger Clicking on FindJob
08/10/2017 19:15:27 devpinoyLogger Clicking on JobsPage2
08/10/2017 19:15:27 devpinoyLogger Clicking on contract_checkbox
08/10/2017 19:15:33 devpinoyLogger  
08/10/2017 19:15:33 devpinoyLogger Opening browser Mozilla
08/10/2017 19:15:38 devpinoyLogger Naviating to https://www.dice.com
08/10/2017 19:15:53 devpinoyLogger Typing in search-field-keyword
08/10/2017 19:15:53 devpinoyLogger Typing in search-field-location
08/10/2017 19:15:54 devpinoyLogger Clicking on FindJob
08/10/2017 19:16:00 devpinoyLogger Clicking on JobsPage2
08/10/2017 19:16:01 devpinoyLogger Clicking on contract_checkbox
08/10/2017 19:22:32 devpinoyLogger  
08/10/2017 19:22:32 devpinoyLogger Opening browser Mozilla
08/10/2017 19:22:37 devpinoyLogger Naviating to https://www.dice.com
08/10/2017 19:22:45 devpinoyLogger Typing in search-field-keyword
08/10/2017 19:22:47 devpinoyLogger Typing in search-field-location
08/10/2017 19:22:48 devpinoyLogger Clicking on FindJob
08/10/2017 19:22:53 devpinoyLogger Clicking on JobsPage2
08/10/2017 19:22:53 devpinoyLogger Clicking on contract_checkbox
08/10/2017 19:26:39 devpinoyLogger  
08/10/2017 19:26:39 devpinoyLogger Opening browser Mozilla
08/10/2017 19:26:43 devpinoyLogger Naviating to https://www.dice.com
08/10/2017 19:27:06 devpinoyLogger Typing in search-field-keyword
08/10/2017 19:27:07 devpinoyLogger Typing in search-field-location
08/10/2017 19:27:08 devpinoyLogger Clicking on FindJob
08/10/2017 19:27:08 devpinoyLogger Clicking on JobsPage2
08/10/2017 19:28:02 devpinoyLogger  
08/10/2017 19:28:02 devpinoyLogger Opening browser Mozilla
08/10/2017 19:28:06 devpinoyLogger Naviating to https://www.dice.com
08/10/2017 19:28:16 devpinoyLogger Typing in search-field-keyword
08/10/2017 19:28:17 devpinoyLogger Typing in search-field-location
08/10/2017 19:28:18 devpinoyLogger Clicking on FindJob
08/10/2017 19:28:25 devpinoyLogger Clicking on JobsPage2
08/10/2017 19:28:25 devpinoyLogger Clicking on contract_checkbox
08/10/2017 19:28:31 devpinoyLogger Clicking on contractWCheckbox
08/10/2017 19:30:35 devpinoyLogger  
08/10/2017 19:30:35 devpinoyLogger Opening browser Mozilla
08/10/2017 19:30:41 devpinoyLogger Naviating to https://www.dice.com
08/10/2017 19:30:51 devpinoyLogger Typing in search-field-keyword
08/10/2017 19:30:53 devpinoyLogger Typing in search-field-location
08/10/2017 19:30:54 devpinoyLogger Clicking on FindJob
08/10/2017 19:31:00 devpinoyLogger Clicking on JobsPage2
08/10/2017 19:31:01 devpinoyLogger Clicking on contract_checkbox
08/10/2017 19:31:06 devpinoyLogger Clicking on contractWCheckbox
08/10/2017 19:31:13 devpinoyLogger Clicking on links_on_page
08/10/2017 19:59:37 devpinoyLogger  
08/10/2017 19:59:37 devpinoyLogger Opening browser Mozilla
08/10/2017 19:59:40 devpinoyLogger Naviating to https://www.dice.com
08/10/2017 19:59:46 devpinoyLogger Typing in search-field-keyword
08/10/2017 19:59:46 devpinoyLogger Typing in search-field-location
08/10/2017 19:59:47 devpinoyLogger Clicking on FindJob
08/10/2017 19:59:48 devpinoyLogger Clicking on JobsPage2
08/10/2017 20:00:17 devpinoyLogger  
08/10/2017 20:00:17 devpinoyLogger Opening browser Mozilla
08/10/2017 20:00:21 devpinoyLogger Naviating to https://www.dice.com
08/10/2017 20:00:28 devpinoyLogger Typing in search-field-keyword
08/10/2017 20:00:29 devpinoyLogger Typing in search-field-location
08/10/2017 20:00:30 devpinoyLogger Clicking on FindJob
08/10/2017 20:00:34 devpinoyLogger Clicking on JobsPage2
08/10/2017 20:00:35 devpinoyLogger Clicking on contract_checkbox
08/10/2017 20:00:39 devpinoyLogger Clicking on contractWCheckbox
08/10/2017 20:00:43 devpinoyLogger Clicking on links_on_page
08/10/2017 20:01:57 devpinoyLogger  
08/10/2017 20:01:57 devpinoyLogger Opening browser Mozilla
08/10/2017 20:02:01 devpinoyLogger Naviating to https://www.dice.com
08/10/2017 20:02:07 devpinoyLogger Typing in search-field-keyword
08/10/2017 20:02:08 devpinoyLogger Typing in search-field-location
08/10/2017 20:02:08 devpinoyLogger Clicking on FindJob
08/10/2017 20:02:10 devpinoyLogger Clicking on JobsPage2
08/10/2017 20:02:44 devpinoyLogger  
08/10/2017 20:02:44 devpinoyLogger Opening browser Mozilla
08/10/2017 20:02:50 devpinoyLogger Naviating to https://www.dice.com
08/10/2017 20:02:59 devpinoyLogger Typing in search-field-keyword
08/10/2017 20:02:59 devpinoyLogger Typing in search-field-location
08/10/2017 20:03:00 devpinoyLogger Clicking on FindJob
08/10/2017 20:03:06 devpinoyLogger Clicking on JobsPage2
08/10/2017 20:03:07 devpinoyLogger Clicking on contract_checkbox
08/10/2017 20:03:13 devpinoyLogger Clicking on contractWCheckbox
08/10/2017 20:03:19 devpinoyLogger Clicking on links_on_page
08/10/2017 20:05:10 devpinoyLogger  
08/10/2017 20:05:10 devpinoyLogger Opening browser Mozilla
08/10/2017 20:05:16 devpinoyLogger Naviating to https://www.dice.com
08/10/2017 20:05:25 devpinoyLogger Typing in search-field-keyword
08/10/2017 20:05:26 devpinoyLogger Typing in search-field-location
08/10/2017 20:05:27 devpinoyLogger Clicking on FindJob
08/10/2017 20:05:32 devpinoyLogger Clicking on JobsPage2
08/10/2017 20:05:33 devpinoyLogger Clicking on contract_checkbox
08/10/2017 20:05:37 devpinoyLogger Clicking on contractWCheckbox
08/10/2017 20:05:43 devpinoyLogger Clicking on links_on_page
08/10/2017 20:10:06 devpinoyLogger  
08/10/2017 20:10:06 devpinoyLogger Opening browser Mozilla
08/10/2017 20:10:10 devpinoyLogger Naviating to https://www.dice.com
08/10/2017 20:10:16 devpinoyLogger Typing in search-field-keyword
08/10/2017 20:10:16 devpinoyLogger Typing in search-field-location
08/10/2017 20:10:17 devpinoyLogger Clicking on FindJob
08/10/2017 20:10:21 devpinoyLogger Clicking on JobsPage2
08/10/2017 20:10:22 devpinoyLogger Clicking on contract_checkbox
08/10/2017 20:10:25 devpinoyLogger Clicking on contractWCheckbox
08/10/2017 20:10:29 devpinoyLogger Clicking on links_on_page
08/10/2017 20:10:50 devpinoyLogger  
08/10/2017 20:10:50 devpinoyLogger Opening browser Mozilla
08/10/2017 20:10:53 devpinoyLogger Naviating to https://www.dice.com
08/10/2017 20:10:59 devpinoyLogger Typing in search-field-keyword
08/10/2017 20:11:00 devpinoyLogger Typing in search-field-location
08/10/2017 20:11:00 devpinoyLogger Clicking on FindJob
08/10/2017 20:11:05 devpinoyLogger Clicking on JobsPage2
08/10/2017 20:11:06 devpinoyLogger Clicking on contract_checkbox
08/10/2017 20:11:09 devpinoyLogger Clicking on contractWCheckbox
08/10/2017 20:11:13 devpinoyLogger Clicking on links_on_page
08/10/2017 20:11:34 devpinoyLogger  
08/10/2017 20:11:34 devpinoyLogger Opening browser Mozilla
08/10/2017 20:11:38 devpinoyLogger Naviating to https://www.dice.com
08/10/2017 20:11:51 devpinoyLogger Typing in search-field-keyword
08/10/2017 20:11:51 devpinoyLogger Typing in search-field-location
08/10/2017 20:11:52 devpinoyLogger Clicking on FindJob
08/10/2017 20:11:56 devpinoyLogger Clicking on JobsPage2
08/10/2017 20:11:57 devpinoyLogger Clicking on contract_checkbox
08/10/2017 20:12:01 devpinoyLogger Clicking on contractWCheckbox
08/10/2017 20:12:05 devpinoyLogger Clicking on links_on_page
08/10/2017 20:14:27 devpinoyLogger  
08/10/2017 20:14:27 devpinoyLogger Opening browser Mozilla
08/10/2017 20:14:31 devpinoyLogger Naviating to https://www.dice.com
08/10/2017 20:14:37 devpinoyLogger Typing in search-field-keyword
08/10/2017 20:14:38 devpinoyLogger Typing in search-field-location
08/10/2017 20:14:38 devpinoyLogger Clicking on FindJob
08/10/2017 20:14:44 devpinoyLogger Clicking on JobsPage2
08/10/2017 20:14:44 devpinoyLogger Clicking on contract_checkbox
08/10/2017 20:14:48 devpinoyLogger Clicking on contractWCheckbox
08/10/2017 20:14:53 devpinoyLogger Clicking on links_on_page
08/10/2017 20:14:54 devpinoyLogger  
08/10/2017 20:14:54 devpinoyLogger Opening browser Mozilla
08/10/2017 20:14:59 devpinoyLogger Naviating to https://www.dice.com
08/10/2017 20:15:10 devpinoyLogger Typing in search-field-keyword
08/10/2017 20:15:11 devpinoyLogger Typing in search-field-location
08/10/2017 20:15:12 devpinoyLogger Clicking on FindJob
08/10/2017 20:15:20 devpinoyLogger Clicking on JobsPage2
08/10/2017 20:15:21 devpinoyLogger Clicking on contract_checkbox
08/10/2017 20:15:25 devpinoyLogger Clicking on contractWCheckbox
08/10/2017 20:15:31 devpinoyLogger Clicking on links_on_page
08/10/2017 20:15:32 devpinoyLogger  
08/10/2017 20:15:32 devpinoyLogger Opening browser Mozilla
08/10/2017 20:15:38 devpinoyLogger Naviating to https://www.dice.com
08/10/2017 20:15:48 devpinoyLogger Typing in search-field-keyword
08/10/2017 20:15:49 devpinoyLogger Typing in search-field-location
08/10/2017 20:15:50 devpinoyLogger Clicking on FindJob
08/10/2017 20:15:56 devpinoyLogger Clicking on JobsPage2
08/10/2017 20:15:57 devpinoyLogger Clicking on contract_checkbox
08/10/2017 20:16:01 devpinoyLogger Clicking on contractWCheckbox
08/10/2017 20:16:06 devpinoyLogger Clicking on links_on_page
09/10/2017 07:55:35 devpinoyLogger  
09/10/2017 07:55:35 devpinoyLogger Opening browser Mozilla
09/10/2017 07:55:39 devpinoyLogger Naviating to https://www.dice.com
09/10/2017 07:55:49 devpinoyLogger Typing in search-field-keyword
09/10/2017 07:55:49 devpinoyLogger Typing in search-field-location
09/10/2017 07:55:50 devpinoyLogger Clicking on FindJob
09/10/2017 07:55:56 devpinoyLogger Clicking on JobsPage2
09/10/2017 07:55:56 devpinoyLogger Clicking on contract_checkbox
09/10/2017 07:56:01 devpinoyLogger Clicking on contractWCheckbox
09/10/2017 07:56:06 devpinoyLogger Clicking on links_on_page
09/10/2017 07:56:06 devpinoyLogger https://www.dice.com/jobs/q-Selenium_Automation-jtype-Contract+Independent+OR+C2H+Independent+OR+C2H+W2-l-Dallas%2C_TX-radius-30-jobs?searchid=9930312676389&stst=#dice
09/10/2017 07:56:06 devpinoyLogger https://www.dice.com/jobs/q-Selenium_Automation-jtype-Contract+Independent+OR+C2H+Independent+OR+C2H+W2-l-Dallas%2C_TX-radius-30-jobs?searchid=9930312676389&stst=#dice
09/10/2017 07:56:06 devpinoyLogger  
09/10/2017 07:56:06 devpinoyLogger Opening browser Mozilla
09/10/2017 07:56:12 devpinoyLogger Naviating to https://www.dice.com
09/10/2017 07:56:26 devpinoyLogger Typing in search-field-keyword
09/10/2017 07:56:27 devpinoyLogger Typing in search-field-location
09/10/2017 07:56:28 devpinoyLogger Clicking on FindJob
09/10/2017 07:56:29 devpinoyLogger Clicking on JobsPage2
09/10/2017 07:56:54 devpinoyLogger  
09/10/2017 07:56:54 devpinoyLogger Opening browser Mozilla
09/10/2017 07:56:58 devpinoyLogger Naviating to https://www.dice.com
09/10/2017 07:57:09 devpinoyLogger Typing in search-field-keyword
09/10/2017 07:57:10 devpinoyLogger Typing in search-field-location
09/10/2017 07:57:11 devpinoyLogger Clicking on FindJob
09/10/2017 07:57:11 devpinoyLogger Clicking on JobsPage2
09/10/2017 08:05:36 devpinoyLogger  
09/10/2017 08:05:36 devpinoyLogger Opening browser Mozilla
09/10/2017 08:05:40 devpinoyLogger Naviating to https://www.dice.com
09/10/2017 08:06:40 devpinoyLogger  
09/10/2017 08:06:40 devpinoyLogger Opening browser Mozilla
09/10/2017 08:06:44 devpinoyLogger Naviating to https://www.dice.com
09/10/2017 08:06:54 devpinoyLogger Typing in search-field-keyword
09/10/2017 08:06:54 devpinoyLogger Typing in search-field-location
09/10/2017 08:06:55 devpinoyLogger Clicking on FindJob
09/10/2017 08:06:56 devpinoyLogger Clicking on JobsPage2
09/10/2017 08:06:56 devpinoyLogger  
09/10/2017 08:06:56 devpinoyLogger Opening browser Mozilla
09/10/2017 08:07:00 devpinoyLogger Naviating to https://www.dice.com
09/10/2017 08:07:09 devpinoyLogger Typing in search-field-keyword
09/10/2017 08:07:10 devpinoyLogger Typing in search-field-location
09/10/2017 08:07:11 devpinoyLogger Clicking on FindJob
09/10/2017 08:07:12 devpinoyLogger Clicking on JobsPage2
09/10/2017 08:07:12 devpinoyLogger  
09/10/2017 08:07:12 devpinoyLogger Opening browser Mozilla
09/10/2017 08:07:18 devpinoyLogger Naviating to https://www.dice.com
09/10/2017 08:07:27 devpinoyLogger Typing in search-field-keyword
09/10/2017 08:07:28 devpinoyLogger Typing in search-field-location
09/10/2017 08:07:30 devpinoyLogger Clicking on FindJob
09/10/2017 08:07:30 devpinoyLogger Clicking on JobsPage2
09/10/2017 08:17:14 devpinoyLogger  
09/10/2017 08:17:14 devpinoyLogger Opening browser Mozilla
09/10/2017 08:17:21 devpinoyLogger Naviating to https://www.dice.com
09/10/2017 08:17:31 devpinoyLogger Typing in search-field-keyword
09/10/2017 08:17:32 devpinoyLogger Typing in search-field-location
09/10/2017 08:17:33 devpinoyLogger Clicking on FindJob
09/10/2017 08:17:40 devpinoyLogger Clicking on JobsPage2
09/10/2017 08:17:41 devpinoyLogger Clicking on contract_checkbox
09/10/2017 08:17:47 devpinoyLogger Clicking on contractWCheckbox
09/10/2017 08:17:55 devpinoyLogger Clicking on links_on_page
09/10/2017 08:17:56 devpinoyLogger https://www.dice.com/jobs/q-Selenium_Automation-jtype-Contract+Independent+OR+C2H+Independent+OR+C2H+W2-l-Dallas%2C_TX-radius-30-jobs?searchid=8451356248932&stst=#dice
09/10/2017 08:17:56 devpinoyLogger  
09/10/2017 08:17:56 devpinoyLogger Opening browser Mozilla
09/10/2017 08:18:05 devpinoyLogger Naviating to https://www.dice.com
09/10/2017 08:18:22 devpinoyLogger Typing in search-field-keyword
09/10/2017 08:18:23 devpinoyLogger Typing in search-field-location
09/10/2017 08:18:24 devpinoyLogger Clicking on FindJob
09/10/2017 08:18:31 devpinoyLogger Clicking on JobsPage2
09/10/2017 08:18:31 devpinoyLogger Clicking on contract_checkbox
09/10/2017 08:18:38 devpinoyLogger Clicking on contractWCheckbox
09/10/2017 08:18:45 devpinoyLogger Clicking on links_on_page
09/10/2017 08:18:46 devpinoyLogger https://www.dice.com/jobs/q-Selenium_Automation-jtype-Contract+Independent+OR+C2H+Independent+OR+C2H+W2-l-Irving%2C_TX-radius-30-jobs?searchid=8850580183127&stst=#dice
09/10/2017 08:18:46 devpinoyLogger  
09/10/2017 08:18:46 devpinoyLogger Opening browser Mozilla
09/10/2017 08:18:55 devpinoyLogger Naviating to https://www.dice.com
09/10/2017 08:19:11 devpinoyLogger Typing in search-field-keyword
09/10/2017 08:19:12 devpinoyLogger Typing in search-field-location
09/10/2017 08:19:14 devpinoyLogger Clicking on FindJob
09/10/2017 08:19:24 devpinoyLogger Clicking on JobsPage2
09/10/2017 08:19:24 devpinoyLogger Clicking on contract_checkbox
09/10/2017 08:19:33 devpinoyLogger Clicking on contractWCheckbox
09/10/2017 08:19:44 devpinoyLogger Clicking on links_on_page
09/10/2017 08:31:33 devpinoyLogger  
09/10/2017 08:31:33 devpinoyLogger Opening browser Mozilla
09/10/2017 08:31:40 devpinoyLogger Naviating to https://www.dice.com
09/10/2017 08:31:52 devpinoyLogger Typing in search-field-keyword
09/10/2017 08:31:53 devpinoyLogger Typing in search-field-location
09/10/2017 08:31:53 devpinoyLogger Clicking on FindJob
09/10/2017 08:31:58 devpinoyLogger Clicking on JobsPage2
09/10/2017 08:31:59 devpinoyLogger Clicking on contract_checkbox
09/10/2017 08:32:02 devpinoyLogger Clicking on contractWCheckbox
09/10/2017 08:32:06 devpinoyLogger Clicking on links_on_page
09/10/2017 08:32:07 devpinoyLogger https://www.dice.com/jobs/q-Selenium_Automation-jtype-Contract+Independent+OR+C2H+Independent+OR+C2H+W2-l-Dallas%2C_TX-radius-30-jobs?searchid=5988618145240&stst=#dice
09/10/2017 08:32:07 devpinoyLogger  
09/10/2017 08:32:07 devpinoyLogger Opening browser Mozilla
09/10/2017 08:32:11 devpinoyLogger Naviating to https://www.dice.com
09/10/2017 08:32:22 devpinoyLogger Typing in search-field-keyword
09/10/2017 08:32:22 devpinoyLogger Typing in search-field-location
09/10/2017 08:32:23 devpinoyLogger Clicking on FindJob
09/10/2017 08:32:31 devpinoyLogger Clicking on JobsPage2
09/10/2017 08:32:32 devpinoyLogger Clicking on contract_checkbox
09/10/2017 08:32:36 devpinoyLogger Clicking on contractWCheckbox
09/10/2017 08:32:45 devpinoyLogger Clicking on links_on_page
09/10/2017 08:32:46 devpinoyLogger https://www.dice.com/jobs/q-Selenium_Automation-jtype-Contract+Independent+OR+C2H+Independent+OR+C2H+W2-l-Irving%2C_TX-radius-30-jobs?searchid=192713613283&stst=#dice
09/10/2017 08:32:46 devpinoyLogger  
09/10/2017 08:32:46 devpinoyLogger Opening browser Mozilla
09/10/2017 08:32:52 devpinoyLogger Naviating to https://www.dice.com
09/10/2017 08:33:02 devpinoyLogger Typing in search-field-keyword
09/10/2017 08:33:03 devpinoyLogger Typing in search-field-location
09/10/2017 08:33:04 devpinoyLogger Clicking on FindJob
09/10/2017 08:33:10 devpinoyLogger Clicking on JobsPage2
09/10/2017 08:33:11 devpinoyLogger Clicking on contract_checkbox
06/11/2017 22:02:10 devpinoyLogger  
06/11/2017 22:02:10 devpinoyLogger Opening browser Mozilla
06/11/2017 22:02:18 devpinoyLogger Naviating to https://www.dice.com
06/11/2017 22:02:24 devpinoyLogger Typing in search-field-keyword
06/11/2017 22:02:25 devpinoyLogger Typing in search-field-location
06/11/2017 22:02:25 devpinoyLogger Clicking on FindJob
06/11/2017 22:02:50 devpinoyLogger Clicking on JobsPage2
06/11/2017 22:02:50 devpinoyLogger Clicking on contract_checkbox
06/11/2017 22:02:53 devpinoyLogger Clicking on contractWCheckbox
06/11/2017 22:02:58 devpinoyLogger Clicking on links_on_page
06/11/2017 22:03:24 devpinoyLogger  
06/11/2017 22:03:24 devpinoyLogger Opening browser Mozilla
06/11/2017 22:03:27 devpinoyLogger Naviating to https://www.dice.com
06/11/2017 22:03:34 devpinoyLogger Typing in search-field-keyword
06/11/2017 22:03:36 devpinoyLogger Typing in search-field-location
06/11/2017 22:03:37 devpinoyLogger Clicking on FindJob
06/11/2017 22:03:45 devpinoyLogger Clicking on JobsPage2
06/11/2017 22:03:46 devpinoyLogger Clicking on contract_checkbox
06/11/2017 22:03:49 devpinoyLogger Clicking on contractWCheckbox
06/11/2017 22:03:54 devpinoyLogger Clicking on links_on_page
06/11/2017 22:04:20 devpinoyLogger  
06/11/2017 22:04:20 devpinoyLogger Opening browser Mozilla
06/11/2017 22:04:24 devpinoyLogger Naviating to https://www.dice.com
06/11/2017 22:04:30 devpinoyLogger Typing in search-field-keyword
06/11/2017 22:04:31 devpinoyLogger Typing in search-field-location
06/11/2017 22:04:32 devpinoyLogger Clicking on FindJob
06/11/2017 22:04:41 devpinoyLogger Clicking on JobsPage2
06/11/2017 22:04:42 devpinoyLogger Clicking on contract_checkbox
06/11/2017 22:04:46 devpinoyLogger Clicking on contractWCheckbox
06/11/2017 22:04:51 devpinoyLogger Clicking on links_on_page
06/11/2017 22:08:54 devpinoyLogger  
06/11/2017 22:08:54 devpinoyLogger Opening browser Mozilla
06/11/2017 22:08:59 devpinoyLogger Naviating to https://www.dice.com
06/11/2017 22:09:05 devpinoyLogger Typing in search-field-keyword
06/11/2017 22:09:06 devpinoyLogger Typing in search-field-location
06/11/2017 22:09:07 devpinoyLogger Clicking on FindJob
06/11/2017 22:09:12 devpinoyLogger Clicking on JobsPage2
06/11/2017 22:09:13 devpinoyLogger Clicking on contract_checkbox
06/11/2017 22:09:17 devpinoyLogger Clicking on contractWCheckbox
06/11/2017 22:09:22 devpinoyLogger Clicking on links_on_page
06/11/2017 22:09:23 devpinoyLogger https://www.dice.com/jobs/q-Selenium_Automation-jtype-Contract+Independent+OR+C2H+Independent+OR+C2H+W2-l-Dallas%2C_TX-radius-30-jobs?searchid=7084379717422&stst=#dice
06/11/2017 22:09:23 devpinoyLogger  
06/11/2017 22:09:23 devpinoyLogger Opening browser Mozilla
06/11/2017 22:09:28 devpinoyLogger Naviating to https://www.dice.com
06/11/2017 22:09:39 devpinoyLogger Typing in search-field-keyword
06/11/2017 22:09:40 devpinoyLogger Typing in search-field-location
06/11/2017 22:09:41 devpinoyLogger Clicking on FindJob
06/11/2017 22:09:48 devpinoyLogger Clicking on JobsPage2
06/11/2017 22:09:49 devpinoyLogger Clicking on contract_checkbox
06/11/2017 22:09:53 devpinoyLogger Clicking on contractWCheckbox
06/11/2017 22:09:58 devpinoyLogger Clicking on links_on_page
06/11/2017 22:09:59 devpinoyLogger https://www.dice.com/jobs/q-Selenium_Automation-jtype-Contract+Independent+OR+C2H+Independent+OR+C2H+W2-l-Irving%2C_TX-radius-30-jobs?searchid=7491208587864&stst=#dice
06/11/2017 22:09:59 devpinoyLogger  
06/11/2017 22:09:59 devpinoyLogger Opening browser Mozilla
06/11/2017 22:10:05 devpinoyLogger Naviating to https://www.dice.com
06/11/2017 22:10:18 devpinoyLogger Typing in search-field-keyword
06/11/2017 22:10:19 devpinoyLogger Typing in search-field-location
06/11/2017 22:10:20 devpinoyLogger Clicking on FindJob
06/11/2017 22:10:27 devpinoyLogger Clicking on JobsPage2
06/11/2017 22:10:28 devpinoyLogger Clicking on contract_checkbox
06/11/2017 22:10:33 devpinoyLogger Clicking on contractWCheckbox
06/11/2017 22:10:38 devpinoyLogger Clicking on links_on_page
06/11/2017 22:10:38 devpinoyLogger https://www.dice.com/jobs/q-Selenium_Automation-jtype-Contract+Independent+OR+C2H+Independent+OR+C2H+W2-l-Austin%2C_TX-radius-30-jobs?searchid=2025749094223&stst=#dice
06/11/2017 22:23:31 devpinoyLogger  
06/11/2017 22:23:31 devpinoyLogger Opening browser Mozilla
06/11/2017 22:23:39 devpinoyLogger Naviating to https://www.dice.com
06/11/2017 22:23:48 devpinoyLogger Typing in search-field-keyword
06/11/2017 22:23:49 devpinoyLogger Typing in search-field-location
06/11/2017 22:23:51 devpinoyLogger Clicking on FindJob
06/11/2017 22:23:52 devpinoyLogger Clicking on JobsPage2
06/11/2017 22:24:51 devpinoyLogger  
06/11/2017 22:24:51 devpinoyLogger Opening browser Mozilla
06/11/2017 22:24:56 devpinoyLogger Naviating to https://www.dice.com
06/11/2017 22:25:04 devpinoyLogger Typing in search-field-keyword
06/11/2017 22:25:05 devpinoyLogger Typing in search-field-location
06/11/2017 22:25:06 devpinoyLogger Clicking on FindJob
06/11/2017 22:25:11 devpinoyLogger Clicking on JobsPage2
06/11/2017 22:25:12 devpinoyLogger Clicking on contract_checkbox
06/11/2017 22:25:16 devpinoyLogger Clicking on contractWCheckbox
06/11/2017 22:25:21 devpinoyLogger Clicking on links_on_page
06/11/2017 22:25:22 devpinoyLogger https://www.dice.com/jobs/q-Selenium_Automation-jtype-Contract+Independent+OR+C2H+Independent+OR+C2H+W2-l-Austin%2C_TX-radius-30-jobs?searchid=6356021440695&stst=#dice
06/11/2017 22:28:10 devpinoyLogger  
06/11/2017 22:28:10 devpinoyLogger Opening browser Mozilla
06/11/2017 22:28:16 devpinoyLogger Naviating to https://www.dice.com
06/11/2017 22:28:24 devpinoyLogger Typing in search-field-keyword
06/11/2017 22:28:25 devpinoyLogger Typing in search-field-location
06/11/2017 22:28:25 devpinoyLogger Clicking on FindJob
06/11/2017 22:28:31 devpinoyLogger Clicking on JobsPage2
06/11/2017 22:28:31 devpinoyLogger Clicking on contract_checkbox
06/11/2017 22:28:38 devpinoyLogger Clicking on contractWCheckbox
06/11/2017 22:28:43 devpinoyLogger Clicking on links_on_page
06/11/2017 22:28:44 devpinoyLogger https://www.dice.com/jobs/q-Selenium_Automation-jtype-Contract+Independent+OR+C2H+Independent+OR+C2H+W2-l-Austin%2C_TX-radius-30-jobs?searchid=6579702562014&stst=#dice
06/11/2017 22:32:11 devpinoyLogger  
06/11/2017 22:32:11 devpinoyLogger Opening browser Mozilla
06/11/2017 22:32:17 devpinoyLogger Naviating to https://www.dice.com
06/11/2017 22:32:24 devpinoyLogger Typing in search-field-keyword
06/11/2017 22:32:25 devpinoyLogger Typing in search-field-location
06/11/2017 22:32:26 devpinoyLogger Clicking on FindJob
06/11/2017 22:32:27 devpinoyLogger Clicking on JobsPage2
06/11/2017 22:32:50 devpinoyLogger Clicking on contract_checkbox
06/11/2017 22:32:55 devpinoyLogger Clicking on contractWCheckbox
06/11/2017 22:33:02 devpinoyLogger Clicking on links_on_page
06/11/2017 22:33:02 devpinoyLogger https://www.dice.com/jobs/q-Selenium_Automation-jtype-Contract+Independent+OR+C2H+Independent+OR+C2H+W2-l-Austin%2C_TX-radius-30-jobs?searchid=436776772557&stst=#dice
06/11/2017 23:25:21 devpinoyLogger  
06/11/2017 23:25:21 devpinoyLogger Opening browser Mozilla
06/11/2017 23:25:29 devpinoyLogger Naviating to https://www.dice.com
06/11/2017 23:25:36 devpinoyLogger Typing in search-field-keyword
06/11/2017 23:25:37 devpinoyLogger Typing in search-field-location
06/11/2017 23:25:39 devpinoyLogger Clicking on FindJob
06/11/2017 23:25:44 devpinoyLogger Clicking on JobsPage2
06/11/2017 23:25:45 devpinoyLogger Clicking on contract_checkbox
06/11/2017 23:25:49 devpinoyLogger Clicking on contractWCheckbox
06/11/2017 23:25:54 devpinoyLogger Clicking on links_on_page
06/11/2017 23:25:55 devpinoyLogger https://www.dice.com/jobs/q-Selenium_Automation-jtype-Contract+Independent+OR+C2H+Independent+OR+C2H+W2-l-Austin%2C_TX-radius-30-jobs?searchid=9047455434107&stst=#dice
06/11/2017 23:30:46 devpinoyLogger  
06/11/2017 23:30:46 devpinoyLogger Opening browser Mozilla
06/11/2017 23:30:51 devpinoyLogger Naviating to https://www.dice.com
06/11/2017 23:31:02 devpinoyLogger Typing in search-field-keyword
06/11/2017 23:31:03 devpinoyLogger Typing in search-field-location
06/11/2017 23:31:04 devpinoyLogger Clicking on FindJob
06/11/2017 23:31:10 devpinoyLogger Clicking on JobsPage2
06/11/2017 23:31:11 devpinoyLogger Clicking on contract_checkbox
06/11/2017 23:31:16 devpinoyLogger Clicking on contractWCheckbox
06/11/2017 23:31:21 devpinoyLogger Clicking on links_on_page
06/11/2017 23:31:22 devpinoyLogger https://www.dice.com/jobs/q-Selenium_Automation-jtype-Contract+Independent+OR+C2H+Independent+OR+C2H+W2-l-Austin%2C_TX-radius-30-jobs?searchid=8795293717452&stst=#dice
06/11/2017 23:33:03 devpinoyLogger  
06/11/2017 23:33:03 devpinoyLogger Opening browser Mozilla
06/11/2017 23:33:09 devpinoyLogger Naviating to https://www.dice.com
06/11/2017 23:33:18 devpinoyLogger Typing in search-field-keyword
06/11/2017 23:33:19 devpinoyLogger Typing in search-field-location
06/11/2017 23:33:20 devpinoyLogger Clicking on FindJob
06/11/2017 23:33:22 devpinoyLogger Clicking on JobsPage2
06/11/2017 23:34:29 devpinoyLogger  
06/11/2017 23:34:29 devpinoyLogger Opening browser Mozilla
06/11/2017 23:34:34 devpinoyLogger Naviating to https://www.dice.com
06/11/2017 23:34:45 devpinoyLogger Typing in search-field-keyword
06/11/2017 23:34:46 devpinoyLogger Typing in search-field-location
06/11/2017 23:34:47 devpinoyLogger Clicking on FindJob
06/11/2017 23:34:53 devpinoyLogger Clicking on JobsPage2
06/11/2017 23:34:53 devpinoyLogger Clicking on contract_checkbox
06/11/2017 23:34:59 devpinoyLogger Clicking on contractWCheckbox
06/11/2017 23:35:05 devpinoyLogger Clicking on links_on_page
06/11/2017 23:35:06 devpinoyLogger https://www.dice.com/jobs/q-Selenium_Automation-jtype-Contract+Independent+OR+C2H+Independent+OR+C2H+W2-l-Austin%2C_TX-radius-30-jobs?searchid=719029142381&stst=#dice
06/11/2017 23:35:51 devpinoyLogger  
06/11/2017 23:35:51 devpinoyLogger Opening browser Mozilla
06/11/2017 23:35:57 devpinoyLogger Naviating to https://www.dice.com
06/11/2017 23:36:06 devpinoyLogger Typing in search-field-keyword
06/11/2017 23:36:07 devpinoyLogger Typing in search-field-location
06/11/2017 23:36:08 devpinoyLogger Clicking on FindJob
06/11/2017 23:36:14 devpinoyLogger Clicking on JobsPage2
06/11/2017 23:36:15 devpinoyLogger Clicking on contract_checkbox
06/11/2017 23:36:21 devpinoyLogger Clicking on contractWCheckbox
06/11/2017 23:36:27 devpinoyLogger Clicking on links_on_page
06/11/2017 23:36:28 devpinoyLogger https://www.dice.com/jobs/q-Selenium_Automation-jtype-Contract+Independent+OR+C2H+Independent+OR+C2H+W2-l-Austin%2C_TX-radius-30-jobs?searchid=1112467808153&stst=#dice
06/11/2017 23:48:31 devpinoyLogger  
06/11/2017 23:48:31 devpinoyLogger Opening browser Mozilla
06/11/2017 23:48:39 devpinoyLogger Naviating to https://www.dice.com
06/11/2017 23:48:49 devpinoyLogger Typing in search-field-keyword
06/11/2017 23:48:50 devpinoyLogger Typing in search-field-location
06/11/2017 23:48:51 devpinoyLogger Clicking on FindJob
06/11/2017 23:48:59 devpinoyLogger Clicking on JobsPage2
06/11/2017 23:48:59 devpinoyLogger Clicking on contract_checkbox
06/11/2017 23:49:05 devpinoyLogger Clicking on contractWCheckbox
06/11/2017 23:49:10 devpinoyLogger Clicking on links_on_page
06/11/2017 23:53:21 devpinoyLogger  
06/11/2017 23:53:21 devpinoyLogger Opening browser Mozilla
06/11/2017 23:53:26 devpinoyLogger Naviating to https://www.dice.com
06/11/2017 23:53:36 devpinoyLogger Typing in search-field-keyword
06/11/2017 23:53:37 devpinoyLogger Typing in search-field-location
06/11/2017 23:53:39 devpinoyLogger Clicking on FindJob
06/11/2017 23:53:46 devpinoyLogger Clicking on JobsPage2
06/11/2017 23:53:46 devpinoyLogger Clicking on contract_checkbox
06/11/2017 23:53:52 devpinoyLogger Clicking on contractWCheckbox
06/11/2017 23:53:57 devpinoyLogger Clicking on links_on_page2
06/11/2017 23:57:08 devpinoyLogger  
06/11/2017 23:57:08 devpinoyLogger Opening browser Mozilla
06/11/2017 23:57:14 devpinoyLogger Naviating to https://www.dice.com
06/11/2017 23:57:23 devpinoyLogger Typing in search-field-keyword
06/11/2017 23:57:24 devpinoyLogger Typing in search-field-location
06/11/2017 23:57:25 devpinoyLogger Clicking on FindJob
06/11/2017 23:57:31 devpinoyLogger Clicking on JobsPage2
06/11/2017 23:57:32 devpinoyLogger Clicking on contract_checkbox
06/11/2017 23:57:38 devpinoyLogger Clicking on contractWCheckbox
06/11/2017 23:57:44 devpinoyLogger Clicking on links_on_page2
07/11/2017 08:10:45 devpinoyLogger  
07/11/2017 08:10:45 devpinoyLogger Opening browser Mozilla
07/11/2017 08:10:52 devpinoyLogger Naviating to https://www.dice.com
07/11/2017 08:10:58 devpinoyLogger Typing in search-field-keyword
07/11/2017 08:10:58 devpinoyLogger Typing in search-field-location
07/11/2017 08:10:58 devpinoyLogger Clicking on FindJob
07/11/2017 08:10:59 devpinoyLogger Clicking on JobsPage2
07/11/2017 08:11:14 devpinoyLogger Clicking on contract_checkbox
07/11/2017 08:11:19 devpinoyLogger Clicking on contractWCheckbox
07/11/2017 08:11:23 devpinoyLogger Clicking on links_on_page4
07/11/2017 08:25:09 devpinoyLogger  
07/11/2017 08:25:09 devpinoyLogger Opening browser Mozilla
07/11/2017 08:25:16 devpinoyLogger Naviating to https://www.dice.com
07/11/2017 08:25:22 devpinoyLogger Typing in search-field-keyword
07/11/2017 08:25:23 devpinoyLogger Typing in search-field-location
07/11/2017 08:25:24 devpinoyLogger Clicking on FindJob
07/11/2017 08:25:25 devpinoyLogger Clicking on JobsPage2
07/11/2017 08:25:34 devpinoyLogger Clicking on contract_checkbox
07/11/2017 08:25:39 devpinoyLogger Clicking on contractWCheckbox
07/11/2017 08:25:44 devpinoyLogger Clicking on links_on_page4
07/11/2017 08:28:02 devpinoyLogger  
07/11/2017 08:28:02 devpinoyLogger Opening browser Mozilla
07/11/2017 08:28:06 devpinoyLogger Naviating to https://www.dice.com
07/11/2017 08:28:12 devpinoyLogger Typing in search-field-keyword
07/11/2017 08:28:13 devpinoyLogger Typing in search-field-location
07/11/2017 08:28:13 devpinoyLogger Clicking on FindJob
07/11/2017 08:28:14 devpinoyLogger Clicking on JobsPage2
07/11/2017 08:28:23 devpinoyLogger Clicking on contract_checkbox
07/11/2017 08:28:28 devpinoyLogger Clicking on contractWCheckbox
07/11/2017 08:28:32 devpinoyLogger Clicking on links_on_page4
07/11/2017 08:35:48 devpinoyLogger  
07/11/2017 08:35:48 devpinoyLogger Opening browser Mozilla
07/11/2017 08:35:56 devpinoyLogger Naviating to https://www.dice.com
07/11/2017 08:36:01 devpinoyLogger Typing in search-field-keyword
07/11/2017 08:36:02 devpinoyLogger Typing in search-field-location
07/11/2017 08:36:03 devpinoyLogger Clicking on FindJob
07/11/2017 08:36:09 devpinoyLogger Clicking on JobsPage2
07/11/2017 08:36:10 devpinoyLogger Clicking on contract_checkbox
07/11/2017 08:36:13 devpinoyLogger Clicking on contractWCheckbox
07/11/2017 08:36:17 devpinoyLogger Clicking on links_on_page4
07/11/2017 08:47:34 devpinoyLogger  
07/11/2017 08:47:34 devpinoyLogger Opening browser Mozilla
07/11/2017 08:47:42 devpinoyLogger Naviating to https://www.dice.com
07/11/2017 08:47:48 devpinoyLogger Typing in search-field-keyword
07/11/2017 08:47:49 devpinoyLogger Typing in search-field-location
07/11/2017 08:47:50 devpinoyLogger Clicking on FindJob
07/11/2017 08:47:59 devpinoyLogger Clicking on JobsPage2
07/11/2017 08:48:00 devpinoyLogger Clicking on contract_checkbox
07/11/2017 08:48:05 devpinoyLogger Clicking on contractWCheckbox
07/11/2017 08:48:10 devpinoyLogger Clicking on links_on_page4
07/11/2017 08:56:32 devpinoyLogger  
07/11/2017 08:56:32 devpinoyLogger Opening browser Mozilla
07/11/2017 08:56:40 devpinoyLogger Naviating to https://www.dice.com
07/11/2017 08:56:46 devpinoyLogger Typing in search-field-keyword
07/11/2017 08:56:47 devpinoyLogger Typing in search-field-location
07/11/2017 08:56:47 devpinoyLogger Clicking on FindJob
07/11/2017 08:56:53 devpinoyLogger Clicking on JobsPage2
07/11/2017 08:56:54 devpinoyLogger Clicking on contract_checkbox
07/11/2017 08:56:59 devpinoyLogger Clicking on contractWCheckbox
07/11/2017 08:57:03 devpinoyLogger Clicking on links_on_page4
07/11/2017 08:57:09 devpinoyLogger https://www.dice.com/jobs/detail/QA-Automation-Engineer-Everest-Consultants%2C-Inc.-Austin-TX-78759/everest/17%26%234500393?icid=sr4-1p&q=Selenium+Automation&l=Austin,%20TX
07/11/2017 09:18:51 devpinoyLogger  
07/11/2017 09:18:51 devpinoyLogger Opening browser Mozilla
07/11/2017 09:19:00 devpinoyLogger Naviating to https://www.dice.com
07/11/2017 09:19:06 devpinoyLogger Typing in search-field-keyword
07/11/2017 09:19:06 devpinoyLogger Typing in search-field-location
07/11/2017 09:19:07 devpinoyLogger Clicking on FindJob
07/11/2017 09:19:12 devpinoyLogger Clicking on JobsPage2
07/11/2017 09:19:12 devpinoyLogger Clicking on contract_checkbox
07/11/2017 09:19:18 devpinoyLogger Clicking on contractWCheckbox
07/11/2017 09:19:22 devpinoyLogger Clicking on links_on_page4
07/11/2017 09:19:28 devpinoyLogger https://www.dice.com/jobs/detail/QA-Automation-Engineer-Everest-Consultants%2C-Inc.-Austin-TX-78759/everest/17%26%234500393?icid=sr4-1p&q=Selenium+Automation&l=Austin,%20TX
07/11/2017 09:34:02 devpinoyLogger  
07/11/2017 09:34:02 devpinoyLogger Opening browser Mozilla
07/11/2017 09:34:10 devpinoyLogger Naviating to https://www.dice.com
07/11/2017 09:34:15 devpinoyLogger Typing in search-field-keyword
07/11/2017 09:34:16 devpinoyLogger Typing in search-field-location
07/11/2017 09:34:17 devpinoyLogger Clicking on FindJob
07/11/2017 09:34:22 devpinoyLogger Clicking on JobsPage2
07/11/2017 09:34:22 devpinoyLogger Clicking on contract_checkbox
07/11/2017 09:34:28 devpinoyLogger Clicking on contractWCheckbox
07/11/2017 09:34:33 devpinoyLogger Clicking on links_on_page4
07/11/2017 10:00:58 devpinoyLogger  
07/11/2017 10:00:58 devpinoyLogger Opening browser Mozilla
07/11/2017 10:01:05 devpinoyLogger Naviating to https://www.dice.com
07/11/2017 10:01:10 devpinoyLogger Typing in search-field-keyword
07/11/2017 10:01:11 devpinoyLogger Typing in search-field-location
07/11/2017 10:01:11 devpinoyLogger Clicking on FindJob
07/11/2017 10:01:17 devpinoyLogger Clicking on JobsPage2
07/11/2017 10:01:20 devpinoyLogger Clicking on contract_checkbox
07/11/2017 10:01:25 devpinoyLogger Clicking on contractWCheckbox
07/11/2017 10:01:31 devpinoyLogger Clicking on links_on_page4
07/11/2017 10:10:32 devpinoyLogger  
07/11/2017 10:10:32 devpinoyLogger Opening browser Mozilla
07/11/2017 10:10:40 devpinoyLogger Naviating to https://www.dice.com
07/11/2017 10:10:45 devpinoyLogger Typing in search-field-keyword
07/11/2017 10:10:46 devpinoyLogger Typing in search-field-location
07/11/2017 10:10:46 devpinoyLogger Clicking on FindJob
07/11/2017 10:10:51 devpinoyLogger Clicking on JobsPage2
07/11/2017 10:10:51 devpinoyLogger Clicking on contract_checkbox
07/11/2017 10:10:56 devpinoyLogger Clicking on contractWCheckbox
07/11/2017 10:11:01 devpinoyLogger Clicking on links_on_page4
07/11/2017 10:14:46 devpinoyLogger  
07/11/2017 10:14:46 devpinoyLogger Opening browser Mozilla
07/11/2017 10:14:49 devpinoyLogger Naviating to https://www.dice.com
07/11/2017 10:14:54 devpinoyLogger Typing in search-field-keyword
07/11/2017 10:14:55 devpinoyLogger Typing in search-field-location
07/11/2017 10:14:55 devpinoyLogger Clicking on FindJob
07/11/2017 10:15:02 devpinoyLogger Clicking on JobsPage2
07/11/2017 10:15:02 devpinoyLogger Clicking on contract_checkbox
07/11/2017 10:15:07 devpinoyLogger Clicking on contractWCheckbox
07/11/2017 10:15:11 devpinoyLogger Clicking on links_on_page4
07/11/2017 10:18:15 devpinoyLogger  
07/11/2017 10:18:15 devpinoyLogger Opening browser Mozilla
07/11/2017 10:18:18 devpinoyLogger Naviating to https://www.dice.com
07/11/2017 10:18:25 devpinoyLogger Typing in search-field-keyword
07/11/2017 10:18:25 devpinoyLogger Typing in search-field-location
07/11/2017 10:18:26 devpinoyLogger Clicking on FindJob
07/11/2017 10:18:30 devpinoyLogger Clicking on JobsPage2
07/11/2017 10:18:31 devpinoyLogger Clicking on contract_checkbox
07/11/2017 10:18:35 devpinoyLogger Clicking on contractWCheckbox
07/11/2017 10:18:39 devpinoyLogger Clicking on links_on_page4
07/11/2017 10:25:13 devpinoyLogger  
07/11/2017 10:25:13 devpinoyLogger Opening browser Mozilla
07/11/2017 10:25:20 devpinoyLogger Naviating to https://www.dice.com
07/11/2017 10:25:25 devpinoyLogger Typing in search-field-keyword
07/11/2017 10:25:26 devpinoyLogger Typing in search-field-location
07/11/2017 10:25:26 devpinoyLogger Clicking on FindJob
07/11/2017 10:25:31 devpinoyLogger Clicking on JobsPage2
07/11/2017 10:25:31 devpinoyLogger Clicking on contract_checkbox
07/11/2017 10:25:36 devpinoyLogger Clicking on contractWCheckbox
07/11/2017 10:25:41 devpinoyLogger Clicking on links_on_page4
07/11/2017 10:26:12 devpinoyLogger  
07/11/2017 10:26:12 devpinoyLogger Opening browser Mozilla
07/11/2017 10:26:16 devpinoyLogger Naviating to https://www.dice.com
07/11/2017 10:26:21 devpinoyLogger Typing in search-field-keyword
07/11/2017 10:26:21 devpinoyLogger Typing in search-field-location
07/11/2017 10:26:22 devpinoyLogger Clicking on FindJob
07/11/2017 10:26:27 devpinoyLogger Clicking on JobsPage2
07/11/2017 10:26:27 devpinoyLogger Clicking on contract_checkbox
07/11/2017 10:26:31 devpinoyLogger Clicking on contractWCheckbox
07/11/2017 10:26:36 devpinoyLogger Clicking on links_on_page4
07/11/2017 10:27:06 devpinoyLogger  
07/11/2017 10:27:06 devpinoyLogger Opening browser Mozilla
07/11/2017 10:27:09 devpinoyLogger Naviating to https://www.dice.com
07/11/2017 10:27:14 devpinoyLogger Typing in search-field-keyword
07/11/2017 10:27:15 devpinoyLogger Typing in search-field-location
07/11/2017 10:27:15 devpinoyLogger Clicking on FindJob
07/11/2017 10:27:23 devpinoyLogger Clicking on JobsPage2
07/11/2017 10:27:24 devpinoyLogger Clicking on contract_checkbox
07/11/2017 10:27:29 devpinoyLogger Clicking on contractWCheckbox
07/11/2017 10:35:11 devpinoyLogger  
07/11/2017 10:35:11 devpinoyLogger Opening browser Mozilla
07/11/2017 10:35:18 devpinoyLogger Naviating to https://www.dice.com
07/11/2017 10:35:24 devpinoyLogger Typing in search-field-keyword
07/11/2017 10:35:24 devpinoyLogger Typing in search-field-location
07/11/2017 10:35:25 devpinoyLogger Clicking on FindJob
07/11/2017 10:35:31 devpinoyLogger Clicking on JobsPage2
07/11/2017 10:35:31 devpinoyLogger Clicking on contract_checkbox
07/11/2017 10:35:35 devpinoyLogger Clicking on contractWCheckbox
07/11/2017 10:35:41 devpinoyLogger  
07/11/2017 10:35:41 devpinoyLogger Opening browser Mozilla
07/11/2017 10:35:44 devpinoyLogger Naviating to https://www.dice.com
07/11/2017 10:35:50 devpinoyLogger Typing in search-field-keyword
07/11/2017 10:35:51 devpinoyLogger Typing in search-field-location
07/11/2017 10:35:51 devpinoyLogger Clicking on FindJob
07/11/2017 10:35:57 devpinoyLogger Clicking on JobsPage2
07/11/2017 10:35:58 devpinoyLogger Clicking on contract_checkbox
07/11/2017 10:36:02 devpinoyLogger Clicking on contractWCheckbox
07/11/2017 10:36:06 devpinoyLogger  
07/11/2017 10:36:06 devpinoyLogger Opening browser Mozilla
07/11/2017 10:36:10 devpinoyLogger Naviating to https://www.dice.com
07/11/2017 10:36:17 devpinoyLogger Typing in search-field-keyword
07/11/2017 10:36:17 devpinoyLogger Typing in search-field-location
07/11/2017 10:36:18 devpinoyLogger Clicking on FindJob
07/11/2017 10:36:24 devpinoyLogger Clicking on JobsPage2
07/11/2017 10:36:24 devpinoyLogger Clicking on contract_checkbox
07/11/2017 10:36:28 devpinoyLogger Clicking on contractWCheckbox
07/11/2017 11:03:45 devpinoyLogger  
07/11/2017 11:03:45 devpinoyLogger Opening browser Mozilla
07/11/2017 11:03:52 devpinoyLogger Naviating to https://www.dice.com
07/11/2017 11:04:03 devpinoyLogger Typing in search-field-keyword
07/11/2017 11:04:04 devpinoyLogger Typing in search-field-location
07/11/2017 11:04:04 devpinoyLogger Clicking on FindJob
07/11/2017 11:04:09 devpinoyLogger Clicking on JobsPage2
07/11/2017 11:04:09 devpinoyLogger Clicking on contract_checkbox
07/11/2017 11:04:16 devpinoyLogger Clicking on contractWCheckbox
07/11/2017 11:04:20 devpinoyLogger Clicking on links_on_page4
07/11/2017 11:04:46 devpinoyLogger Checking object presence C2H
07/11/2017 11:05:38 devpinoyLogger Checking object presence crop to crop
07/11/2017 11:06:07 devpinoyLogger  
07/11/2017 11:06:07 devpinoyLogger Opening browser Mozilla
07/11/2017 11:06:10 devpinoyLogger Naviating to https://www.dice.com
07/11/2017 11:06:15 devpinoyLogger Typing in search-field-keyword
07/11/2017 11:06:16 devpinoyLogger Typing in search-field-location
07/11/2017 11:06:16 devpinoyLogger Clicking on FindJob
07/11/2017 11:06:22 devpinoyLogger Clicking on JobsPage2
07/11/2017 11:06:22 devpinoyLogger Clicking on contract_checkbox
07/11/2017 11:06:27 devpinoyLogger Clicking on contractWCheckbox
07/11/2017 11:06:32 devpinoyLogger Clicking on links_on_page4
07/11/2017 11:06:57 devpinoyLogger Checking object presence C2H
07/11/2017 11:07:48 devpinoyLogger Checking object presence crop to crop
07/11/2017 11:08:18 devpinoyLogger  
07/11/2017 11:08:18 devpinoyLogger Opening browser Mozilla
07/11/2017 11:08:21 devpinoyLogger Naviating to https://www.dice.com
07/11/2017 11:08:27 devpinoyLogger Typing in search-field-keyword
07/11/2017 11:08:28 devpinoyLogger Typing in search-field-location
07/11/2017 11:08:29 devpinoyLogger Clicking on FindJob
07/11/2017 11:08:34 devpinoyLogger Clicking on JobsPage2
07/11/2017 11:08:35 devpinoyLogger Clicking on contract_checkbox
07/11/2017 11:08:39 devpinoyLogger Clicking on contractWCheckbox
07/11/2017 11:08:43 devpinoyLogger Clicking on links_on_page4
07/11/2017 11:09:09 devpinoyLogger Checking object presence C2H
07/11/2017 11:10:00 devpinoyLogger Checking object presence crop to crop
07/11/2017 12:28:17 devpinoyLogger  
07/11/2017 12:28:17 devpinoyLogger Opening browser Mozilla
07/11/2017 12:28:26 devpinoyLogger Naviating to https://www.dice.com
07/11/2017 12:28:35 devpinoyLogger Typing in search-field-keyword
07/11/2017 12:28:35 devpinoyLogger Typing in search-field-location
07/11/2017 12:28:36 devpinoyLogger Clicking on FindJob
07/11/2017 12:28:41 devpinoyLogger Clicking on JobsPage2
07/11/2017 12:28:41 devpinoyLogger Clicking on contract_checkbox
07/11/2017 12:28:47 devpinoyLogger Clicking on contractWCheckbox
07/11/2017 12:28:52 devpinoyLogger Clicking on links_on_page4
07/11/2017 12:29:18 devpinoyLogger Checking object presence C2H
07/11/2017 12:30:09 devpinoyLogger Checking object presence crop to crop
11/11/2017 13:12:56 devpinoyLogger  
11/11/2017 13:12:56 devpinoyLogger Opening browser Mozilla
11/11/2017 13:13:01 devpinoyLogger Naviating to https://www.dice.com
11/11/2017 13:13:06 devpinoyLogger Typing in search-field-keyword
11/11/2017 13:13:06 devpinoyLogger Typing in search-field-location
11/11/2017 13:13:07 devpinoyLogger Clicking on FindJob
11/11/2017 13:21:10 devpinoyLogger  
11/11/2017 13:21:10 devpinoyLogger Opening browser Mozilla
11/11/2017 13:21:14 devpinoyLogger Naviating to https://www.dice.com
11/11/2017 13:21:19 devpinoyLogger Typing in search-field-keyword
11/11/2017 13:21:20 devpinoyLogger Typing in search-field-location
11/11/2017 13:21:21 devpinoyLogger Clicking on FindJob
11/11/2017 13:21:25 devpinoyLogger Clicking on JobsPage2
11/11/2017 13:21:26 devpinoyLogger Clicking on contract_checkbox
11/11/2017 13:21:30 devpinoyLogger Clicking on contractWCheckbox
11/11/2017 13:21:34 devpinoyLogger Clicking on links_on_page4
11/11/2017 13:22:00 devpinoyLogger Checking object presence C2H
11/11/2017 13:22:52 devpinoyLogger Checking object presence crop to crop
11/11/2017 13:35:46 devpinoyLogger  
11/11/2017 13:35:46 devpinoyLogger Opening browser Mozilla
11/11/2017 13:35:50 devpinoyLogger Naviating to https://www.dice.com
11/11/2017 13:35:55 devpinoyLogger Typing in search-field-keyword
11/11/2017 13:35:56 devpinoyLogger Typing in search-field-location
11/11/2017 13:35:57 devpinoyLogger Clicking on FindJob
11/11/2017 13:36:02 devpinoyLogger Clicking on JobsPage2
11/11/2017 13:36:02 devpinoyLogger Clicking on contract_checkbox
11/11/2017 13:36:06 devpinoyLogger Clicking on contractWCheckbox
11/11/2017 13:36:10 devpinoyLogger Clicking on links_on_page4
11/11/2017 13:36:30 devpinoyLogger  
11/11/2017 13:36:30 devpinoyLogger Opening browser Mozilla
11/11/2017 13:36:34 devpinoyLogger Naviating to https://www.dice.com
11/11/2017 13:36:36 devpinoyLogger Checking object presence C2H
11/11/2017 13:36:44 devpinoyLogger Typing in search-field-keyword
11/11/2017 13:36:44 devpinoyLogger Typing in search-field-location
11/11/2017 13:36:45 devpinoyLogger Clicking on FindJob
11/11/2017 13:36:50 devpinoyLogger Clicking on JobsPage2
11/11/2017 13:36:51 devpinoyLogger Clicking on contract_checkbox
11/11/2017 13:36:55 devpinoyLogger Clicking on contractWCheckbox
11/11/2017 13:37:00 devpinoyLogger Clicking on links_on_page4
11/11/2017 13:37:25 devpinoyLogger Checking object presence C2H
11/11/2017 13:37:29 devpinoyLogger Checking object presence crop to crop
11/11/2017 13:38:18 devpinoyLogger Checking object presence crop to crop
11/11/2017 13:48:13 devpinoyLogger  
11/11/2017 13:48:13 devpinoyLogger Opening browser Mozilla
11/11/2017 13:48:17 devpinoyLogger Naviating to https://www.dice.com
11/11/2017 13:48:22 devpinoyLogger Typing in search-field-keyword
11/11/2017 13:48:23 devpinoyLogger Typing in search-field-location
11/11/2017 13:48:23 devpinoyLogger Clicking on FindJob
11/11/2017 13:48:28 devpinoyLogger Clicking on JobsPage2
11/11/2017 13:48:28 devpinoyLogger Clicking on contract_checkbox
11/11/2017 13:48:32 devpinoyLogger Clicking on contractWCheckbox
11/11/2017 13:48:38 devpinoyLogger Clicking on links_on_page4
11/11/2017 13:49:04 devpinoyLogger Checking object presence C2H
11/11/2017 13:49:55 devpinoyLogger Checking object presence crop to crop
11/11/2017 15:54:22 devpinoyLogger  
11/11/2017 15:54:22 devpinoyLogger Opening browser Mozilla
11/11/2017 15:54:25 devpinoyLogger Naviating to https://www.dice.com
11/11/2017 15:54:31 devpinoyLogger Typing in search-field-keyword
11/11/2017 15:54:31 devpinoyLogger Typing in search-field-location
11/11/2017 15:54:32 devpinoyLogger Clicking on FindJob
11/11/2017 15:54:38 devpinoyLogger Clicking on JobsPage2
11/11/2017 15:54:39 devpinoyLogger Clicking on contract_checkbox
11/11/2017 15:54:43 devpinoyLogger Clicking on contractWCheckbox
11/11/2017 15:54:48 devpinoyLogger Clicking on links_on_page4
11/11/2017 15:55:14 devpinoyLogger Checking object presence C2H
11/11/2017 15:56:05 devpinoyLogger Checking object presence crop to crop
11/11/2017 16:08:44 devpinoyLogger  
11/11/2017 16:08:44 devpinoyLogger Opening browser Mozilla
11/11/2017 16:08:48 devpinoyLogger Naviating to https://www.dice.com
11/11/2017 16:08:53 devpinoyLogger Typing in search-field-keyword
11/11/2017 16:08:53 devpinoyLogger Typing in search-field-location
11/11/2017 16:08:54 devpinoyLogger Clicking on FindJob
11/11/2017 16:08:59 devpinoyLogger Clicking on JobsPage2
11/11/2017 16:08:59 devpinoyLogger Clicking on contract_checkbox
11/11/2017 16:09:03 devpinoyLogger Clicking on contractWCheckbox
11/11/2017 16:09:07 devpinoyLogger Clicking on links_on_page4
11/11/2017 16:09:33 devpinoyLogger Checking object presence C2H
11/11/2017 16:10:25 devpinoyLogger Checking object presence crop to crop
11/11/2017 16:17:11 devpinoyLogger  
11/11/2017 16:17:11 devpinoyLogger Opening browser Mozilla
11/11/2017 16:17:14 devpinoyLogger Naviating to https://www.dice.com
11/11/2017 16:17:20 devpinoyLogger Typing in search-field-keyword
11/11/2017 16:17:20 devpinoyLogger Typing in search-field-location
11/11/2017 16:17:21 devpinoyLogger Clicking on FindJob
11/11/2017 16:17:25 devpinoyLogger Clicking on JobsPage2
11/11/2017 16:17:26 devpinoyLogger Clicking on contract_checkbox
11/11/2017 16:17:29 devpinoyLogger Clicking on contractWCheckbox
11/11/2017 16:17:34 devpinoyLogger Clicking on links_on_page4
11/11/2017 16:17:59 devpinoyLogger Checking object presence C2H
11/11/2017 16:18:49 devpinoyLogger Checking object presence crop to crop
11/11/2017 16:19:18 devpinoyLogger  
11/11/2017 16:19:18 devpinoyLogger Opening browser Mozilla
11/11/2017 16:19:21 devpinoyLogger Naviating to https://www.dice.com
11/11/2017 16:19:26 devpinoyLogger Typing in search-field-keyword
11/11/2017 16:19:27 devpinoyLogger Typing in search-field-location
11/11/2017 16:19:27 devpinoyLogger Clicking on FindJob
11/11/2017 16:19:38 devpinoyLogger Clicking on JobsPage2
11/11/2017 16:19:39 devpinoyLogger Clicking on contract_checkbox
11/11/2017 16:19:42 devpinoyLogger Clicking on contractWCheckbox
11/11/2017 16:19:46 devpinoyLogger Clicking on links_on_page4
11/11/2017 16:20:12 devpinoyLogger Checking object presence C2H
11/11/2017 16:21:02 devpinoyLogger Checking object presence crop to crop
11/11/2017 16:21:30 devpinoyLogger  
11/11/2017 16:21:30 devpinoyLogger Opening browser Mozilla
11/11/2017 16:21:33 devpinoyLogger Naviating to https://www.dice.com
11/11/2017 16:21:47 devpinoyLogger Typing in search-field-keyword
11/11/2017 16:21:48 devpinoyLogger Typing in search-field-location
11/11/2017 16:21:48 devpinoyLogger Clicking on FindJob
11/11/2017 16:21:52 devpinoyLogger Clicking on JobsPage2
11/11/2017 16:21:52 devpinoyLogger Clicking on contract_checkbox
11/11/2017 16:21:56 devpinoyLogger Clicking on contractWCheckbox
11/11/2017 16:22:00 devpinoyLogger Clicking on links_on_page4
11/11/2017 16:22:26 devpinoyLogger Checking object presence C2H
11/11/2017 16:23:16 devpinoyLogger Checking object presence crop to crop
12/11/2017 16:11:31 devpinoyLogger  
12/11/2017 16:11:31 devpinoyLogger Opening browser Mozilla
12/11/2017 16:11:31 devpinoyLogger  
12/11/2017 16:11:31 devpinoyLogger Opening browser Mozilla
12/11/2017 16:11:31 devpinoyLogger  
12/11/2017 16:11:31 devpinoyLogger Opening browser Mozilla
12/11/2017 16:12:46 devpinoyLogger  
12/11/2017 16:12:46 devpinoyLogger Opening browser Mozilla
12/11/2017 16:12:46 devpinoyLogger  
12/11/2017 16:12:46 devpinoyLogger Opening browser Mozilla
12/11/2017 16:12:46 devpinoyLogger  
12/11/2017 16:12:46 devpinoyLogger Opening browser Mozilla
12/11/2017 16:15:54 devpinoyLogger  
12/11/2017 16:15:54 devpinoyLogger Opening browser Mozilla
12/11/2017 16:15:58 devpinoyLogger Naviating to https://www.dice.com
12/11/2017 16:16:03 devpinoyLogger Typing in search-field-keyword
12/11/2017 16:16:04 devpinoyLogger Typing in search-field-location
12/11/2017 16:16:05 devpinoyLogger Clicking on FindJob
12/11/2017 16:16:09 devpinoyLogger Clicking on JobsPage2
12/11/2017 16:16:09 devpinoyLogger Clicking on contract_checkbox
12/11/2017 16:16:13 devpinoyLogger Clicking on contractWCheckbox
12/11/2017 16:16:17 devpinoyLogger Clicking on links_on_page4
12/11/2017 16:16:43 devpinoyLogger Checking object presence C2H
12/11/2017 16:17:33 devpinoyLogger Checking object presence crop to crop
12/11/2017 16:29:59 devpinoyLogger  
12/11/2017 16:29:59 devpinoyLogger Opening browser Mozilla
12/11/2017 16:30:03 devpinoyLogger Naviating to https://www.dice.com
12/11/2017 16:30:08 devpinoyLogger Typing in search-field-keyword
12/11/2017 16:30:09 devpinoyLogger Typing in search-field-location
12/11/2017 16:30:09 devpinoyLogger Clicking on FindJob
12/11/2017 16:30:15 devpinoyLogger Clicking on JobsPage2
12/11/2017 16:30:15 devpinoyLogger Clicking on contract_checkbox
12/11/2017 16:30:19 devpinoyLogger Clicking on contractWCheckbox
12/11/2017 16:30:23 devpinoyLogger Clicking on links_on_page4
12/11/2017 16:30:49 devpinoyLogger Checking object presence C2H
12/11/2017 16:31:39 devpinoyLogger Checking object presence crop to crop
